0 info it worked if it ends with ok
1 verbose cli [ '/usr/bin/node', '/usr/bin/npm', 'run', 'uncss' ]
2 info using npm@4.0.5
3 info using node@v7.3.0
4 verbose run-script [ 'preuncss', 'uncss', 'postuncss' ]
5 info lifecycle website2@1.0.0~preuncss: website2@1.0.0
6 silly lifecycle website2@1.0.0~preuncss: no script for preuncss, continuing
7 info lifecycle website2@1.0.0~uncss: website2@1.0.0
8 verbose lifecycle website2@1.0.0~uncss: unsafe-perm in lifecycle true
9 verbose lifecycle website2@1.0.0~uncss: PATH: /usr/lib/node_modules/npm/bin/node-gyp-bin:/home/technion/website2/node_modules/.bin:/home/technion/.gem/ruby/2.3.0/bin:/usr/lib/hardening-wrapper/bin:/usr/local/sbin:/usr/local/bin:/usr/bin:/usr/lib/jvm/default/bin:/usr/bin/site_perl:/usr/bin/vendor_perl:/usr/bin/core_perl
10 verbose lifecycle website2@1.0.0~uncss: CWD: /home/technion/website2
11 silly lifecycle website2@1.0.0~uncss: Args: [ '-c', 'node buildcss.js' ]
12 silly lifecycle website2@1.0.0~uncss: Returned: code: 1  signal: null
13 info lifecycle website2@1.0.0~uncss: Failed to exec uncss script
14 verbose stack Error: website2@1.0.0 uncss: `node buildcss.js`
14 verbose stack Exit status 1
14 verbose stack     at EventEmitter.<anonymous> (/usr/lib/node_modules/npm/lib/utils/lifecycle.js:279:16)
14 verbose stack     at emitTwo (events.js:106:13)
14 verbose stack     at EventEmitter.emit (events.js:191:7)
14 verbose stack     at ChildProcess.<anonymous> (/usr/lib/node_modules/npm/lib/utils/spawn.js:40:14)
14 verbose stack     at emitTwo (events.js:106:13)
14 verbose stack     at ChildProcess.emit (events.js:191:7)
14 verbose stack     at maybeClose (internal/child_process.js:885:16)
14 verbose stack     at Process.ChildProcess._handle.onexit (internal/child_process.js:226:5)
15 verbose pkgid website2@1.0.0
16 verbose cwd /home/technion/website2
17 error Linux 4.8.3-1-ec2
18 error argv "/usr/bin/node" "/usr/bin/npm" "run" "uncss"
19 error node v7.3.0
20 error npm  v4.0.5
21 error code ELIFECYCLE
22 error website2@1.0.0 uncss: `node buildcss.js`
22 error Exit status 1
23 error Failed at the website2@1.0.0 uncss script 'node buildcss.js'.
23 error Make sure you have the latest version of node.js and npm installed.
23 error If you do, this is most likely a problem with the website2 package,
23 error not with npm itself.
23 error Tell the author that this fails on your system:
23 error     node buildcss.js
23 error You can get information on how to open an issue for this project with:
23 error     npm bugs website2
23 error Or if that isn't available, you can get their info via:
23 error     npm owner ls website2
23 error There is likely additional logging output above.
24 verbose exit [ 1, true ]
